<?xml version="1.0" encoding="UTF-8"?>
<!-- Generated by org.testng.reporters.JUnitReportReporter -->
<testsuite skipped="2" hostname="Pitiass-MBP.fios-router.home" name="automationScripts.Script" tests="2" failures="0" timestamp="2020-09-23T20:13:47 EDT" time="0.000" errors="0">
  <testcase name="dataExcel" time="0.000" classname="automationScripts.Script">
    <skipped/>
  </testcase> <!-- dataExcel -->
  <system-out/>
  <testcase name="dataBase" classname="automationScripts.Script">
    <skipped/>
  </testcase> <!-- dataBase -->
  <system-out/>
</testsuite> <!-- automationScripts.Script -->
